<?xml version="1.0" encoding="UTF-8"?>

<beans xmlns="http://www.springframework.org/schema/beans"
       xmlns:xsi="http://www.w3.org/2001/XMLSchema-instance"
       xmlns:tx="http://www.springframework.org/schema/tx"
       xmlns:context="http://www.springframework.org/schema/context"
       xsi:schemaLocation="
        http://www.springframework.org/schema/beans
        http://www.springframework.org/schema/beans/spring-beans.xsd
        http://www.springframework.org/schema/tx
        http://www.springframework.org/schema/tx/spring-tx.xsd
        http://www.springframework.org/schema/context
        http://www.springframework.org/schema/context/spring-context.xsd">

    <context:annotation-config/>

    <bean class="org.springframework.beans.factory.config.PropertyPlaceholderConfigurer">
        <property name="ignoreResourceNotFound" value="true"/>
        <property name="locations">
            <list>
                <value>classpath:service.properties</value>
                <value>classpath:db.local.properties</value>
            </list>
        </property>
    </bean>
    
    <tx:annotation-driven proxy-target-class="true"/>

    <context:component-scan base-package="com.picsauditing.service, com.picsauditing.data" />

    <bean id="securityContext" class="org.springframework.security.core.context.SecurityContextHolder" factory-method="getContext"/>
    <bean id="securityService" class="com.picsauditing.service.security.impl.SecurityServiceImpl" autowire="byName"/>
    <bean id="userContextService" name="userContextService" class="com.picsauditing.service.user.impl.UserContextServiceImpl" autowire="byName"/>
    <bean id="shaPasswordEncoder" class="org.springframework.security.authentication.encoding.ShaPasswordEncoder"  />
    <bean id="md5PasswordEncoder" class="org.springframework.security.authentication.encoding.Md5PasswordEncoder"  />

</beans>
